<?xml version="1.0" encoding="UTF-8"?>
<!-- Generated by org.testng.reporters.JUnitReportReporter -->
<testsuite hostname="DESKTOP-EVVR7QD" failures="0" tests="2" name="MachineTest.AutomationMachineTest" time="104.226" errors="0" timestamp="2023-07-01T20:28:55 IST" skipped="1">
  <testcase classname="MachineTest.AutomationMachineTest" name="addCustomerTest" time="68.695">
    <skipped/>
  </testcase> <!-- addCustomerTest -->
  <system-out/>
  <testcase classname="MachineTest.AutomationMachineTest" name="loginTest" time="35.531"/>
  <system-out/>
</testsuite> <!-- MachineTest.AutomationMachineTest -->
