<?xml version="1.0" encoding="UTF-8"?>
<!-- Generated by org.testng.reporters.JUnitReportReporter -->
<testsuite hostname="DESKTOP-EVVR7QD" failures="0" tests="1" name="MachineTest.Login" time="56.083" errors="0" timestamp="2023-07-01T11:54:24 IST" skipped="0">
  <testcase classname="MachineTest.Login" name="browser" time="56.083"/>
  <system-out/>
</testsuite> <!-- MachineTest.Login -->
